[    0.000000] Initializing cgroup subsys cpuset
[    0.000000] Initializing cgroup subsys cpu
[    0.000000] Initializing cgroup subsys cpuacct
[    0.000000] Linux version 4.4.0-130-generic (buildd@lgw01-amd64-039) (gcc version 5.4.0 20160609 (Ubuntu 5.4.0-6ubuntu1~16.04.9) ) #156-Ubuntu SMP Thu Jun 14 08:53:28 UTC 2018 (Ubuntu 4.4.0-130.156-generic 4.4.134)
[    0.000000] Command line: BOOT_IMAGE=/boot/vmlinuz-4.4.0-130-generic root=LABEL=cloudimg-rootfs ro console=tty1 console=ttyS0
[    0.000000] KERNEL supported cpus:
[    0.000000]   Intel GenuineIntel
[    0.000000]   AMD AuthenticAMD
[    0.000000]   Centaur CentaurHauls
[    0.000000] x86/fpu: xstate_offset[2]:  576, xstate_sizes[2]:  256
[    0.000000] x86/fpu: Supporting XSAVE feature 0x01: 'x87 floating point registers'
[    0.000000] x86/fpu: Supporting XSAVE feature 0x02: 'SSE registers'
[    0.000000] x86/fpu: Supporting XSAVE feature 0x04: 'AVX registers'
[    0.000000] x86/fpu: Enabled xstate features 0x7, context size is 832 bytes, using 'standard' format.
[    0.000000] x86/fpu: Using 'eager' FPU context switches.
[    0.000000] e820: BIOS-provided physical RAM map:
[    0.000000] BIOS-e820: [mem 0x0000000000000000-0x000000000009fbff] usable
[    0.000000] BIOS-e820: [mem 0x000000000009fc00-0x000000000009ffff] reserved
[    0.000000] BIOS-e820: [mem 0x00000000000f0000-0x00000000000fffff] reserved
[    0.000000] BIOS-e820: [mem 0x0000000000100000-0x000000003ffeffff] usable
[    0.000000] BIOS-e820: [mem 0x000000003fff0000-0x000000003fffffff] ACPI data
[    0.000000] BIOS-e820: [mem 0x00000000fec00000-0x00000000fec00fff] reserved
[    0.000000] BIOS-e820: [mem 0x00000000fee00000-0x00000000fee00fff] reserved
[    0.000000] BIOS-e820: [mem 0x00000000fffc0000-0x00000000ffffffff] reserved
[    0.000000] NX (Execute Disable) protection: active
[    0.000000] SMBIOS 2.5 present.
[    0.000000] Hypervisor detected: KVM
[    0.000000] e820: last_pfn = 0x3fff0 max_arch_pfn = 0x400000000
[    0.000000] MTRR: Disabled
[    0.000000] x86/PAT: MTRRs disabled, skipping PAT initialization too.
[    0.000000] CPU MTRRs all blank - virtualized system.
[    0.000000] x86/PAT: Configuration [0-7]: WB  WT  UC- UC  WB  WT  UC- UC  
[    0.000000] found SMP MP-table at [mem 0x0009fff0-0x0009ffff] mapped at [ffff88000009fff0]
[    0.000000] Scanning 1 areas for low memory corruption
[    0.000000] RAMDISK: [mem 0x36aa4000-0x37549fff]
[    0.000000] ACPI: Early table checksum verification disabled
[    0.000000] ACPI: RSDP 0x00000000000E0000 000024 (v02 VBOX  )
[    0.000000] ACPI: XSDT 0x000000003FFF0030 00003C (v01 VBOX   VBOXXSDT 00000001 ASL  00000061)
[    0.000000] ACPI: FACP 0x000000003FFF00F0 0000F4 (v04 VBOX   VBOXFACP 00000001 ASL  00000061)
[    0.000000] ACPI: DSDT 0x000000003FFF0470 00210F (v01 VBOX   VBOXBIOS 00000002 INTL 20100528)
[    0.000000] ACPI: FACS 0x000000003FFF0200 000040
[    0.000000] ACPI: FACS 0x000000003FFF0200 000040
[    0.000000] ACPI: APIC 0x000000003FFF0240 00005C (v02 VBOX   VBOXAPIC 00000001 ASL  00000061)
[    0.000000] ACPI: SSDT 0x000000003FFF02A0 0001CC (v01 VBOX   VBOXCPUT 00000002 INTL 20100528)
[    0.000000] No NUMA configuration found
[    0.000000] Faking a node at [mem 0x0000000000000000-0x000000003ffeffff]
[    0.000000] NODE_DATA(0) allocated [mem 0x3ffeb000-0x3ffeffff]
[    0.000000] kvm-clock: Using msrs 4b564d01 and 4b564d00
[    0.000000] kvm-clock: cpu 0, msr 0:3ffe3001, primary cpu clock
[    0.000000] kvm-clock: using sched offset of 2893220103 cycles
[    0.000000] clocksource: kvm-clock: mask: 0xffffffffffffffff max_cycles: 0x1cd42e4dffb, max_idle_ns: 881590591483 ns
[    0.000000] Zone ranges:
[    0.000000]   DMA      [mem 0x0000000000001000-0x0000000000ffffff]
[    0.000000]   DMA32    [mem 0x0000000001000000-0x000000003ffeffff]
[    0.000000]   Normal   empty
[    0.000000]   Device   empty
[    0.000000] Movable zone start for each node
[    0.000000] Early memory node ranges
[    0.000000]   node   0: [mem 0x0000000000001000-0x000000000009efff]
[    0.000000]   node   0: [mem 0x0000000000100000-0x000000003ffeffff]
[    0.000000] Initmem setup node 0 [mem 0x0000000000001000-0x000000003ffeffff]
[    0.000000] ACPI: PM-Timer IO Port: 0x4008
[    0.000000] IOAPIC[0]: apic_id 2, version 32, address 0xfec00000, GSI 0-23
[    0.000000] ACPI: INT_SRC_OVR (bus 0 bus_irq 0 global_irq 2 dfl dfl)
[    0.000000] ACPI: INT_SRC_OVR (bus 0 bus_irq 9 global_irq 9 high level)
[    0.000000] Using ACPI (MADT) for SMP configuration information
[    0.000000] smpboot: Allowing 2 CPUs, 0 hotplug CPUs
[    0.000000] PM: Registered nosave memory: [mem 0x00000000-0x00000fff]
[    0.000000] PM: Registered nosave memory: [mem 0x0009f000-0x0009ffff]
[    0.000000] PM: Registered nosave memory: [mem 0x000a0000-0x000effff]
[    0.000000] PM: Registered nosave memory: [mem 0x000f0000-0x000fffff]
[    0.000000] e820: [mem 0x40000000-0xfebfffff] available for PCI devices
[    0.000000] Booting paravirtualized kernel on KVM
[    0.000000] clocksource: refined-jiffies: mask: 0xffffffff max_cycles: 0xffffffff, max_idle_ns: 7645519600211568 ns
[    0.000000] setup_percpu: NR_CPUS:512 nr_cpumask_bits:512 nr_cpu_ids:2 nr_node_ids:1
[    0.000000] PERCPU: Embedded 34 pages/cpu @ffff88003fc00000 s99544 r8192 d31528 u1048576
[    0.000000] PV qspinlock hash table entries: 256 (order: 0, 4096 bytes)
[    0.000000] Built 1 zonelists in Node order, mobility grouping on.  Total pages: 257912
[    0.000000] Policy zone: DMA32
[    0.000000] Kernel command line: BOOT_IMAGE=/boot/vmlinuz-4.4.0-130-generic root=LABEL=cloudimg-rootfs ro console=tty1 console=ttyS0
[    0.000000] PID hash table entries: 4096 (order: 3, 32768 bytes)
[    0.000000] Memory: 1001612K/1048120K available (8546K kernel code, 1313K rwdata, 4000K rodata, 1516K init, 1316K bss, 46508K reserved, 0K cma-reserved)
[    0.000000] SLUB: HWalign=64, Order=0-3, MinObjects=0, CPUs=2, Nodes=1
[    0.000000] Kernel/User page tables isolation: enabled
[    0.000000] Hierarchical RCU implementation.
[    0.000000] 	Build-time adjustment of leaf fanout to 64.
[    0.000000] 	RCU restricting CPUs from NR_CPUS=512 to nr_cpu_ids=2.
[    0.000000] RCU: Adjusting geometry for rcu_fanout_leaf=64, nr_cpu_ids=2
[    0.000000] NR_IRQS:33024 nr_irqs:440 16
[    0.000000] Console: colour VGA+ 80x25
[    0.000000] console [tty1] enabled
[    0.000000] console [ttyS0] enabled
[    0.000000] tsc: Detected 3292.378 MHz processor
[    7.442869] Calibrating delay loop (skipped) preset value.. 6584.75 BogoMIPS (lpj=13169512)
[    7.607873] pid_max: default: 32768 minimum: 301
[    7.702266] ACPI: Core revision 20150930
[    7.767917] ACPI: 2 ACPI AML tables successfully acquired and loaded
[    7.896931] Security Framework initialized
[    7.957665] Yama: becoming mindful.
[    8.029257] AppArmor: AppArmor initialized
[    8.113357] Dentry cache hash table entries: 131072 (order: 8, 1048576 bytes)
[    8.267126] Inode-cache hash table entries: 65536 (order: 7, 524288 bytes)
[    8.419853] Mount-cache hash table entries: 2048 (order: 2, 16384 bytes)
[    8.544411] Mountpoint-cache hash table entries: 2048 (order: 2, 16384 bytes)
[    8.717465] Initializing cgroup subsys io
[    8.733544] Initializing cgroup subsys memory
[    8.808700] Initializing cgroup subsys devices
[    8.870355] Initializing cgroup subsys freezer
[    8.874629] Initializing cgroup subsys net_cls
[    8.875301] Initializing cgroup subsys perf_event
[    8.876005] Initializing cgroup subsys net_prio
[    8.878374] Initializing cgroup subsys hugetlb
[    8.879043] Initializing cgroup subsys pids
[    8.879770] CPU: Physical Processor ID: 0
[    8.880391] CPU: Processor Core ID: 0
[    8.881781] mce: CPU supports 0 MCE banks
[    8.882411] Last level iTLB entries: 4KB 64, 2MB 8, 4MB 8
[    8.883168] Last level dTLB entries: 4KB 64, 2MB 0, 4MB 0, 1GB 4
[    8.883982] Spectre V2 : Mitigation: Full generic retpoline
[    8.884757] Spectre V2 : Speculation control IBPB not-supported IBRS not-supported
[    8.885738] Speculative Store Bypass: Vulnerable
[    8.888557] Freeing SMP alternatives memory: 32K
[    8.995851] ftrace: allocating 32245 entries in 126 pages
[    9.113351] smpboot: APIC(0) Converting physical 0 to logical package 0
[    9.278944] smpboot: Max logical packages: 1
[    9.361591] x2apic enabled
[    9.433780] Switched APIC routing to physical x2apic.
[    9.574883] ..TIMER: vector=0x30 apic1=0 pin1=2 apic2=-1 pin2=-1
[    9.845586] smpboot: CPU0: Intel(R) Core(TM) i7-5775R CPU @ 3.30GHz (family: 0x6, model: 0x47, stepping: 0x1)
[    9.947358] Performance Events: unsupported p6 CPU model 71 no PMU driver, software events only.
[   10.123108] KVM setup paravirtual spinlock
[   10.217677] x86: Booting SMP configuration:
[   10.320641] .... node  #0, CPUs:      #1
[   10.414250] kvm-clock: cpu 1, msr 0:3ffe3041, secondary cpu clock
[   10.547765] mce: CPU supports 0 MCE banks
[   10.663646] x86: Booted up 1 node, 2 CPUs
[   10.725725] smpboot: Total of 2 processors activated (13169.51 BogoMIPS)
[   10.767083] devtmpfs: initialized
[   10.810401] evm: security.selinux
[   10.892263] evm: security.SMACK64
[   10.958491] evm: security.SMACK64EXEC
[   11.036330] evm: security.SMACK64TRANSMUTE
[   11.110562] evm: security.SMACK64MMAP
[   11.164300] evm: security.ima
[   11.184640] evm: security.capability
[   11.218663] clocksource: jiffies: mask: 0xffffffff max_cycles: 0xffffffff, max_idle_ns: 7645041785100000 ns
[   11.388949] futex hash table entries: 512 (order: 3, 32768 bytes)
[   11.516263] pinctrl core: initialized pinctrl subsystem
[   11.601107] RTC time: 10:26:37, date: 08/28/18
[   11.706235] NET: Registered protocol family 16
[   11.749928] cpuidle: using governor ladder
[   11.854274] cpuidle: using governor menu
[   11.924119] PCCT header not found.
[   11.985220] ACPI: bus type PCI registered
[   12.068230] acpiphp: ACPI Hot Plug PCI Controller Driver version: 0.5
[   12.210706] PCI: Using configuration type 1 for base access
[   12.270144] ACPI: Added _OSI(Module Device)
[   12.272308] ACPI: Added _OSI(Processor Device)
[   12.272966] ACPI: Added _OSI(3.0 _SCP Extensions)
[   12.360708] ACPI: Added _OSI(Processor Aggregator Device)
[   12.477825] ACPI: Executed 1 blocks of module-level executable AML code
[   12.551597] ACPI: Interpreter enabled
[   12.592241] ACPI: (supports S0 S5)
[   12.615815] ACPI: Using IOAPIC for interrupt routing
[   12.656164] PCI: Using host bridge windows from ACPI; if necessary, use "pci=nocrs" and report a bug
[   12.778251] ACPI: PCI Root Bridge [PCI0] (domain 0000 [bus 00-ff])
[   12.894801] acpi PNP0A03:00: _OSC: OS supports [ASPM ClockPM Segments MSI]
[   13.057480] acpi PNP0A03:00: _OSC failed (AE_NOT_FOUND); disabling ASPM
[   13.210953] acpi PNP0A03:00: fail to add MMCONFIG information, can't access extended PCI configuration space under this bridge.
[   13.286715] PCI host bridge to bus 0000:00
[   13.287367] pci_bus 0000:00: root bus resource [io  0x0000-0x0cf7 window]
[   13.288334] pci_bus 0000:00: root bus resource [io  0x0d00-0xffff window]
[   13.289249] pci_bus 0000:00: root bus resource [mem 0x000a0000-0x000bffff window]
[   13.341925] pci_bus 0000:00: root bus resource [mem 0x40000000-0xffdfffff window]
[   13.349136] pci_bus 0000:00: root bus resource [bus 00-ff]
[   13.353669] pci 0000:00:01.1: legacy IDE quirk: reg 0x10: [io  0x01f0-0x01f7]
[   13.488316] pci 0000:00:01.1: legacy IDE quirk: reg 0x14: [io  0x03f6]
[   13.567044] pci 0000:00:01.1: legacy IDE quirk: reg 0x18: [io  0x0170-0x0177]
[   13.654019] pci 0000:00:01.1: legacy IDE quirk: reg 0x1c: [io  0x0376]
[   13.777798] pci 0000:00:07.0: quirk: [io  0x4000-0x403f] claimed by PIIX4 ACPI
[   13.940162] pci 0000:00:07.0: quirk: [io  0x4100-0x410f] claimed by PIIX4 SMB
[   14.106482] ACPI: PCI Interrupt Link [LNKA] (IRQs 5 9 10 *11)
[   14.221984] ACPI: PCI Interrupt Link [LNKB] (IRQs 5 9 10 *11)
[   14.251045] ACPI: PCI Interrupt Link [LNKC] (IRQs 5 9 *10 11)
[   14.252208] ACPI: PCI Interrupt Link [LNKD] (IRQs 5 *9 10 11)
[   14.253417] ACPI: Enabled 2 GPEs in block 00 to 07
[   14.254443] vgaarb: setting as boot device: PCI:0000:00:02.0
[   14.384807] vgaarb: device added: PCI:0000:00:02.0,decodes=io+mem,owns=io+mem,locks=none
[   14.474708] vgaarb: loaded
[   14.527555] vgaarb: bridge control possible 0000:00:02.0
[   14.631705] SCSI subsystem initialized
[   14.717298] ACPI: bus type USB registered
[   14.782613] usbcore: registered new interface driver usbfs
[   14.905469] usbcore: registered new interface driver hub
[   14.950154] usbcore: registered new device driver usb
[   14.955758] PCI: Using ACPI for IRQ routing
[   15.042657] NetLabel: Initializing
[   15.111743] NetLabel:  domain hash size = 128
[   15.119962] NetLabel:  protocols = UNLABELED CIPSOv4
[   15.216295] NetLabel:  unlabeled traffic allowed by default
[   15.340043] amd_nb: Cannot enumerate AMD northbridges
[   15.436078] clocksource: Switched to clocksource kvm-clock
[   15.507812] AppArmor: AppArmor Filesystem Enabled
[   15.551201] pnp: PnP ACPI init
[   15.552423] pnp: PnP ACPI: found 3 devices
[   15.658930] clocksource: acpi_pm: mask: 0xffffff max_cycles: 0xffffff, max_idle_ns: 2085701024 ns
[   15.877857] NET: Registered protocol family 2
[   15.987391] TCP established hash table entries: 8192 (order: 4, 65536 bytes)
[   16.115624] TCP bind hash table entries: 8192 (order: 5, 131072 bytes)
[   16.283421] TCP: Hash tables configured (established 8192 bind 8192)
[   16.423322] UDP hash table entries: 512 (order: 2, 16384 bytes)
[   16.525043] UDP-Lite hash table entries: 512 (order: 2, 16384 bytes)
[   16.586933] NET: Registered protocol family 1
[   16.684348] pci 0000:00:00.0: Limiting direct PCI/PCI transfers
[   16.815133] pci 0000:00:01.0: Activating ISA DMA hang workarounds
[   16.921870] Unpacking initramfs...
[   18.354298] Freeing initrd memory: 10904K
[   18.467911] platform rtc_cmos: registered platform RTC device (no PNP device found)
[   18.652524] Scanning for low memory corruption every 60 seconds
[   18.813764] audit: initializing netlink subsys (disabled)
[   18.952902] audit: type=2000 audit(1535451994.721:1): initialized
[   19.096495] Initialise system trusted keyring
[   19.193497] HugeTLB registered 2 MB page size, pre-allocated 0 pages
[   19.334813] zbud: loaded
[   19.392177] VFS: Disk quotas dquot_6.6.0
[   19.494309] tsc: Refined TSC clocksource calibration: 3292.705 MHz
[   19.664352] clocksource: tsc: mask: 0xffffffffffffffff max_cycles: 0x2f766159160, max_idle_ns: 440795286193 ns
[   19.664442] VFS: Dquot-cache hash table entries: 512 (order 0, 4096 bytes)
[   19.664732] squashfs: version 4.0 (2009/01/31) Phillip Lougher
[   19.664916] fuse init (API version 7.23)
[   19.665003] Key type big_key registered
[   19.665022] Allocating IMA MOK and blacklist keyrings.
[   19.665223] Key type asymmetric registered
[   19.665226] Asymmetric key parser 'x509' registered
[   19.665258] Block layer SCSI generic (bsg) driver version 0.4 loaded (major 249)
[   19.665280] io scheduler noop registered
[   19.665282] io scheduler deadline registered (default)
[   19.665305] io scheduler cfq registered
[   19.665378] pci_hotplug: PCI Hot Plug PCI Core version: 0.5
[   19.665381] pciehp: PCI Express Hot Plug Controller Driver version: 0.4
[   19.665593] ACPI: AC Adapter [AC] (on-line)
[   19.665636] input: Power Button as /devices/LNXSYSTM:00/LNXPWRBN:00/input/input0
[   19.665638] ACPI: Power Button [PWRF]
[   19.665690] input: Sleep Button as /devices/LNXSYSTM:00/LNXSLPBN:00/input/input1
[   19.665691] ACPI: Sleep Button [SLPF]
[   19.665801] GHES: HEST is not enabled!
[   19.665867] Serial: 8250/16550 driver, 32 ports, IRQ sharing enabled
[   19.941929] 00:02: ttyS0 at I/O 0x3f8 (irq = 4, base_baud = 115200) is a 16550A
[   20.137975] Linux agpgart interface v0.103
[   20.252713] loop: module loaded
[   20.253508] scsi host0: ata_piix
[   20.253554] scsi host1: ata_piix
[   20.253609] ata1: PATA max UDMA/33 cmd 0x1f0 ctl 0x3f6 bmdma 0xd000 irq 14
[   20.253610] ata2: PATA max UDMA/33 cmd 0x170 ctl 0x376 bmdma 0xd008 irq 15
[   20.253716] libphy: Fixed MDIO Bus: probed
[   20.253718] tun: Universal TUN/TAP device driver, 1.6
[   20.253719] tun: (C) 1999-2004 Max Krasnyansky <maxk@qualcomm.com>
[   20.254127] PPP generic driver version 2.4.2
[   20.254214] ehci_hcd: USB 2.0 'Enhanced' Host Controller (EHCI) Driver
[   20.254218] ehci-pci: EHCI PCI platform driver
[   20.254230] ehci-platform: EHCI generic platform driver
[   20.254235] ohci_hcd: USB 1.1 'Open' Host Controller (OHCI) Driver
[   20.254238] ohci-pci: OHCI PCI platform driver
[   20.254243] ohci-platform: OHCI generic platform driver
[   20.254249] uhci_hcd: USB Universal Host Controller Interface driver
[   20.254387] i8042: PNP: PS/2 Controller [PNP0303:PS2K,PNP0f03:PS2M] at 0x60,0x64 irq 1,12
[   20.261087] serio: i8042 KBD port at 0x60,0x64 irq 1
[   20.261093] serio: i8042 AUX port at 0x60,0x64 irq 12
[   20.261193] mousedev: PS/2 mouse device common for all mice
[   20.261439] rtc_cmos rtc_cmos: rtc core: registered rtc_cmos as rtc0
[   20.261516] rtc_cmos rtc_cmos: alarms up to one day, 114 bytes nvram
[   20.261521] i2c /dev entries driver
[   20.261565] device-mapper: uevent: version 1.0.3
[   20.261606] device-mapper: ioctl: 4.34.0-ioctl (2015-10-28) initialised: dm-devel@redhat.com
[   20.261620] ledtrig-cpu: registered to indicate activity on CPUs
[   20.261861] NET: Registered protocol family 10
[   20.261983] NET: Registered protocol family 17
[   20.261991] Key type dns_resolver registered
[   20.262175] registered taskstats version 1
[   20.262191] Loading compiled-in X.509 certificates
[   20.262701] Loaded X.509 cert 'Build time autogenerated kernel key: b3e0fe4bcd6378c38a2c0a4648abbc1fa5043a22'
[   20.262715] zswap: loaded using pool lzo/zbud
[   20.264471] Key type trusted registered
[   20.267366] Key type encrypted registered
[   20.267376] AppArmor: AppArmor sha1 policy hashing enabled
[   20.267380] ima: No TPM chip found, activating TPM-bypass!
[   20.267385] ima: Allocated hash algorithm: sha1
[   20.267407] evm: HMAC attrs: 0x1
[   20.267726]   Magic number: 14:550:427
[   20.272804] rtc_cmos rtc_cmos: setting system clock to 2018-08-28 10:26:46 UTC (1535452006)
[   20.272893] BIOS EDD facility v0.16 2004-Jun-25, 0 devices found
[   20.272893] EDD information not available.
[   20.456280] input: AT Translated Set 2 keyboard as /devices/platform/i8042/serio0/input/input2
[   24.177025] Freeing unused kernel memory: 1516K
[   24.348437] Write protecting the kernel read-only data: 14336k
[   24.497710] Freeing unused kernel memory: 1680K
[   24.570379] Freeing unused kernel memory: 96K
Loading, please wait...
starting version[   24.582690] random: systemd-udevd: uninitialized urandom read (16 bytes read, 5 bits of entropy available)
 229
[   24.583294] random: udevadm: uninitialized urandom read (16 bytes read, 5 bits of entropy available)
[   24.583315] random: udevadm: uninitialized urandom read (16 bytes read, 5 bits of entropy available)
[   24.591992] random: udevadm: uninitialized urandom read (16 bytes read, 5 bits of entropy available)
[   24.592032] random: udevadm: uninitialized urandom read (16 bytes read, 5 bits of entropy available)
[   24.592202] random: udevadm: uninitialized urandom read (16 bytes read, 5 bits of entropy available)
[   24.592255] random: udevadm: uninitialized urandom read (16 bytes read, 5 bits of entropy available)
[   24.592308] random: udevadm: uninitialized urandom read (16 bytes read, 5 bits of entropy available)
[   24.592361] random: udevadm: uninitialized urandom read (16 bytes read, 5 bits of entropy available)
[   24.592412] random: udevadm: uninitialized urandom read (16 bytes read, 5 bits of entropy available)
[   26.369463] e1000: Intel(R) PRO/1000 Network Driver - version 7.3.21-k8-NAPI
[   26.608110] e1000: Copyright (c) 1999-2006 Intel Corporation.
[   26.608192] Fusion MPT base driver 3.04.20
[   26.608193] Copyright (c) 1999-2008 LSI Corporation
[   26.859150] Fusion MPT SPI Host driver 3.04.20
[   26.959509] AVX version of gcm_enc/dec engaged.
[   27.069648] AES CTR mode by8 optimization enabled
[   27.192883] input: ImExPS/2 Generic Explorer Mouse as /devices/platform/i8042/serio1/input/input4
[   27.376178] e1000 0000:00:03.0 eth0: (PCI:33MHz:32-bit) 02:c5:fa:e6:4f:6d
[   27.453049] e1000 0000:00:03.0 eth0: Intel(R) PRO/1000 Network Connection
[   27.794246] e1000 0000:00:08.0 eth1: (PCI:33MHz:32-bit) 08:00:27:46:c0:6d
[   27.920120] e1000 0000:00:08.0 eth1: Intel(R) PRO/1000 Network Connection
[   27.952551] mptbase: ioc0: Initiating bringup
[   27.952883] e1000 0000:00:03.0 enp0s3: renamed from eth0
[   27.972863] e1000 0000:00:08.0 enp0s8: renamed from eth1
[   28.024640] ioc0: LSI53C1030 A0: Capabilities={Initiator}
[   28.374485] scsi host2: ioc0: LSI53C1030 A0, FwRev=00000000h, Ports=1, MaxQ=256, IRQ=20
[   28.560516] scsi 2:0:0:0: Direct-Access     VBOX     HARDDISK         1.0  PQ: 0 ANSI: 5
[   28.788125] scsi target2:0:0: Beginning Domain Validation
[   28.935175] scsi target2:0:0: Domain Validation skipping write tests
[   29.145204] scsi target2:0:0: Ending Domain Validation
[   29.318800] scsi target2:0:0: asynchronous
[   29.432088] scsi 2:0:1:0: Direct-Access     VBOX     HARDDISK         1.0  PQ: 0 ANSI: 5
[   29.524445] scsi target2:0:1: Beginning Domain Validation
[   29.542343] scsi target2:0:1: Domain Validation skipping write tests
[   29.750541] scsi target2:0:1: Ending Domain Validation
[   29.905687] scsi target2:0:1: asynchronous
[   30.062346] sd 2:0:0:0: Attached scsi generic sg0 type 0
[   30.063146] sd 2:0:0:0: [sda] 20971520 512-byte logical blocks: (10.7 GB/10.0 GiB)
[   30.064459] sd 2:0:0:0: [sda] Write Protect is off
[   30.065272] sd 2:0:0:0: [sda] Incomplete mode parameter data
[   30.066076] sd 2:0:0:0: [sda] Assuming drive cache: write through
[   30.066927] sd 2:0:1:0: [sdb] 20480 512-byte logical blocks: (10.5 MB/10.0 MiB)
[   30.119309] sd 2:0:1:0: [sdb] Write Protect is off
[   30.119579] sd 2:0:1:0: Attached scsi generic sg1 type 0
[   30.268328]  sda: sda1
[   30.269351] sd 2:0:0:0: [sda] Attached SCSI disk
[   30.581181] sd 2:0:1:0: [sdb] Incomplete mode parameter data
[   30.657343] sd 2:0:1:0: [sdb] Assuming drive cache: write through
[   30.814483] sd 2:0:1:0: [sdb] Attached SCSI disk
Begin: Loading e[   32.208875] md: linear personality registered for level -1
ssential drivers[   32.324303] md: multipath personality registered for level -4
 ... [   32.471458] md: raid0 personality registered for level 0
[   32.615160] md: raid1 personality registered for level 1
[   32.800304] raid6: sse2x1   gen() 10323 MB/s
[   33.017810] raid6: sse2x1   xor()  8990 MB/s
[   33.248871] raid6: sse2x2   gen() 14035 MB/s
[   33.448151] raid6: sse2x2   xor()  9728 MB/s
[   33.604095] raid6: sse2x4   gen() 16532 MB/s
[   33.816105] raid6: sse2x4   xor() 10826 MB/s
[   33.835511] raid6: using algorithm sse2x4 gen() 16532 MB/s
[   33.852127] raid6: .... xor() 10826 MB/s, rmw enabled
[   33.862095] raid6: using ssse3x2 recovery algorithm
[   33.993492] xor: automatically using best checksumming function:
[   34.196419]    avx       : 28975.000 MB/sec
[   34.303884] async_tx: api initialized (async)
[   34.493244] md: raid6 personality registered for level 6
[   34.701967] md: raid5 personality registered for level 5
[   34.887421] md: raid4 personality registered for level 4
[   34.917842] md: raid10 personality registered for level 10
done.
Begin: Running /scripts/init-p[   35.077376] Btrfs loaded
remount ... done.
Begin: Mounting root file system ... Begin: Running /scripts/local-top ... done.
Begin: Running /scripts/local-premount ... Scanning for Btrfs filesystems
done.
Warning: fsck not present, so skipping root file system
[   35.159937] EXT4-fs (sda1): mounted filesystem with ordered data mode. Opts: (null)
done.
Begin: Running /scripts/local-bottom ... done.
Begin: Running /scripts/init-bottom ... done.
[   35.210740] systemd[1]: systemd 229 running in system mode. (+PAM +AUDIT +SELINUX +IMA +APPARMOR +SMACK +SYSVINIT +UTMP +LIBCRYPTSETUP +GCRYPT +GNUTLS +ACL +XZ -LZ4 +SECCOMP +BLKID +ELFUTILS +KMOD -IDN)
[   35.630864] systemd[1]: Detected virtualization oracle.
[   35.742377] systemd[1]: Detected architecture x86-64.

Welcome to [1mUbuntu 16.04.4 LTS[0m!

[   35.896967] systemd[1]: Set hostname to <ubuntu>.
[   35.999955] systemd[1]: Initializing machine ID from random generator.
[   36.114032] systemd[1]: Installed transient /etc/machine-id file.
[   36.343670] random: nonblocking pool is initialized
[   36.466101] systemd[1]: Listening on LVM2 poll daemon socket.
[[0;32m  OK  [0m] Listening on LVM2 poll daemon socket.
[   36.636568] systemd[1]: Reached target User and Group Name Lookups.
[[0;32m  OK  [0m] Reached target User and Group Name Lookups.
[   36.860451] systemd[1]: Listening on Journal Audit Socket.
[[0;32m  OK  [0m] Listening on Journal Audit Socket.
[   37.040461] systemd[1]: Listening on udev Kernel Socket.
[[0;32m  OK  [0m] Listening on udev Kernel Socket.
[   37.216940] systemd[1]: Listening on /dev/initctl Compatibility Named Pipe.
[[0;32m  OK  [0m] Listening on /dev/initctl Compatibility Named Pipe.
[   37.468550] systemd[1]: Set up automount Arbitrary Executable File Formats File System Automount Point.
[[0;32m  OK  [0m] Set up automount Arbitrary Executab...ats File System Automount Point.
[   37.792588] systemd[1]: Listening on Device-mapper event daemon FIFOs.
[[0;32m  OK  [0m] Listening on Device-mapper event daemon FIFOs.
[   38.020371] systemd[1]: Reached target System Time Synchronized.
[[0;32m  OK  [0m] Reached target System Time Synchronized.
[   38.167579] systemd[1]: Reached target Swap.
[[0;32m  OK  [0m] Reached target Swap.
[   38.208830] systemd[1]: Created slice System Slice.
[[0;32m  OK  [0m] Created slice System Slice.
[   38.400385] systemd[1]: Reached target Encrypted Volumes.
[[0;32m  OK  [0m] Reached target Encrypted Volumes.
[   38.592468] systemd[1]: Started Trigger resolvconf update for networkd DNS.
[[0;32m  OK  [0m] Started Trigger resolvconf update for networkd DNS.
[   38.820824] systemd[1]: Listening on udev Control Socket.
[[0;32m  OK  [0m] Listening on udev Control Socket.
[   38.964895] systemd[1]: Created slice User and Session Slice.
[[0;32m  OK  [0m] Created slice User and Session Slice.
[   39.172651] systemd[1]: Reached target Slices.
[[0;32m  OK  [0m] Reached target Slices.
[   39.292791] systemd[1]: Listening on LVM2 metadata daemon socket.
[[0;32m  OK  [0m] Listening on LVM2 metadata daemon socket.
[   39.508655] systemd[1]: Created slice system-serial\x2dgetty.slice.
[[0;32m  OK  [0m] Created slice system-serial\x2dgetty.slice.
[   39.700608] systemd[1]: Listening on Journal Socket (/dev/log).
[[0;32m  OK  [0m] Listening on Journal Socket (/dev/log).
[   39.816869] systemd[1]: Listening on Syslog Socket.
[[0;32m  OK  [0m] Listening on Syslog Socket.
[   39.932490] systemd[1]: Listening on Journal Socket.
[[0;32m  OK  [0m] Listening on Journal Socket.
[   40.084681] systemd[1]: Starting Nameserver information manager...
         Starting Nameserver information manager...
[   40.296335] systemd[1]: Starting Uncomplicated firewall...
         Starting Uncomplicated firewall...
[   40.448355] systemd[1]: Mounting POSIX Message Queue File System...
         Mounting POSIX Message Queue File System...
[   40.636549] systemd[1]: Starting Journal Service...
         Starting Journal Service...
[   40.788501] systemd[1]: Starting Monitoring of LVM2 mirrors, snapshots etc. using dmeventd or progress polling...
         Starting Monitoring of LVM2 mirrors... dmeventd or progress polling...
[   41.072259] systemd[1]: Mounting Debug File System...
         Mounting Debug File System...
[   41.224413] systemd[1]: Starting Create list of required static device nodes for the current kernel...
         Starting Create list of required st... nodes for the current kernel...
[   41.396521] systemd[1]: Starting Remount Root and Kernel File Systems...
         [   41.477612] EXT4-fs (sda1): re-mounted. Opts: (null)
Starting Remount Root and Kernel File Systems...
[   41.688537] systemd[1]: Starting Load Kernel Modules...
         [   41.791203] Loading iSCSI transport class v2.0-870.
Starting Load Kernel Modules...[   41.882386] iscsi: registered transport (tcp)

[   41.958657] systemd[1]: Starting Set console keymap...
         Starting Set con[   42.035433] iscsi: registered transport (iser)
sole keymap...
[   42.172676] systemd[1]: Mounting Huge Pages File System...
         Mounting Huge Pages File System...
[   42.437379] systemd[1]: Started Forward Password Requests to Wall Directory Watch.
[[0;32m  OK  [0m] Started Forward Password Requests to Wall Directory Watch.
[   42.545324] systemd[1]: Mounted POSIX Message Queue File System.
[[0;32m  OK  [0m] Mounted POSIX Message Queue File System.
[   42.772616] systemd[1]: Mounted Huge Pages File System.
[[0;32m  OK  [0m] Mounted Huge Pages File System.
[   42.868301] systemd[1]: Mounted Debug File System.
[[0;32m  OK  [0m] Mounted Debug File System.
[   42.936465] systemd[1]: Started Journal Service.
[[0;32m  OK  [0m] Started Journal Service.
[[0;32m  OK  [0m] Started Uncomplicated firewall.
[[0;32m  OK  [0m] Started Create list of required sta...ce nodes for the current kernel.
[[0;32m  OK  [0m] Started Remount Root and Kernel File Systems.
[[0;32m  OK  [0m] Started Load Kernel Modules.
[[0;32m  OK  [0m] Started Set console keymap.
[[0;32m  OK  [0m] Started Nameserver information manager.
[[0;32m  OK  [0m] Started LVM2 metadata daemon.
         Starting Apply Kernel Variables...
         Mounting FUSE Control File System...
         Starting udev Coldplug all Devices...
         Starting Load/Save Random Seed...
         Starting Create Static Device Nodes in /dev...
         Starting Flush Journal to Persistent Storage...
[[0;32m  OK  [0m] Mounted FUSE Control File System.
[[0;32m  OK  [0m] Started Monitoring of LVM2 mirrors,...ng dmeventd or progress polling.
[[0;32m  OK  [0m] Started Apply Kernel Variables.
[[0;32m  OK  [0m] Started Load/Save Random Seed.
[[0;32m  OK  [0m] Started Create Static Device Nodes in /dev.
[[0;32m  OK  [0m] Started udev Coldplug all Devices.
[[0;32m  OK  [0m] Started Flush Journal to Persistent Storage.
         Starting udev Kernel Device Manager...
[[0;32m  OK  [0m] Started udev Kernel Device Manager.
[[0;32m  OK  [0m] Reached target Local File Systems (Pre).
[[0;32m  OK  [0m] Reached target Local File Systems.
         Starting Tell Plymouth To Write Out Runtime Data...
         Starting Set console font and keymap...
         Starting LSB: AppArmor initialization...
         Starting Create Volatile Files and Directories...
         Starting Commit a transient machine-id on disk...
         Starting Initial cloud-init job (pre-networking)...
[[0;32m  OK  [0m] Started Dispatch Password Requests to Console Directory Watch.
[[0;32m  OK  [0m] Started Tell Plymouth To Write Out Runtime Data.
[[0;32m  OK  [0m] Started Set console font and keymap.
[[0;32m  OK  [0m] Started Create Volatile Files and Directories.
[[0;32m  OK  [0m] Started Commit a transient machine-id on disk.
[[0;32m  OK  [0m] Found device /dev/ttyS0.
[[0;32m  OK  [0m] Listening on Load/Save RF Kill Switch Status /dev/rfkill Watch.
[   30.608931] cloud-init[662]: Cloud-init v. 18.2 running 'init-local' at Tue, 28 Aug 2018 10:27:11 +0000. Up 30.35 seconds.
         Starting Update UTMP about System Boot/Shutdown...
[[0;32m  OK  [0m] Created slice system-getty.slice.
[[0;32m  OK  [0m] Started LSB: AppArmor initialization.
[[0;32m  OK  [0m] Started Initial cloud-init job (pre-networking).
[[0;32m  OK  [0m] Started Update UTMP about System Boot/Shutdown.
[[0;32m  OK  [0m] Reached target Network (Pre).
         Starting Raise network interfaces...
[[0;32m  OK  [0m] Started Raise network interfaces.
         Starting Initial cloud-init job (metadata service crawler)...
[[0;32m  OK  [0m] Reached target Network.
[   32.179339] cloud-init[965]: Cloud-init v. 18.2 running 'init' at Tue, 28 Aug 2018 10:27:12 +0000. Up 31.58 seconds.
[[0;32m  OK  [0m] Started Initial cloud-init job (metadata service crawler).
[[   32.291552] cloud-init[965]: ci-info: ++++++++++++++++++++++++++++++++++++++Net device info++++++++++++++++++++++++++++++++++++++
[   32.353564] cloud-init[965]: ci-info: +--------+-------+----------------------------+---------------+-------+-------------------+
[0;32m  OK  [0m] Reached target System Initialization.
[   32.353676] cloud-init[965]: ci-info: | Device |   Up  |          Address           |      Mask     | Scope |     Hw-Address    |
[   32.689209] cloud-init[965]: ci-info: +--------+-------+----------------------------+---------------+-------+-------------------+
         Starting LXD - unix socket.
[[   32.689586] cloud-init[965]: ci-info: | enp0s3 |  True |         10.0.2.15          | 255.255.255.0 |   .   | 02:c5:fa:e6:4f:6d |
[   32.844707] cloud-init[965]: ci-info: | enp0s3 |  True | fe80::c5:faff:fee6:4f6d/64 |       .       |  link | 02:c5:fa:e6:4f:6d |
[0;32m  OK  [0m] Listening on ACPID Listen Socket.
[   32.844800] cloud-init[[965]: [0;32m  OK  [0mci-info: | enp0s8 | False |             .              |       .       |   .   | 08:00:27:46:c0:6d |] 
Listening on D-Bus System Message Bus Socket.
[   33.200316] cloud-init[965]: ci-info: |   lo   |  True |         127.0.0.1          |   255.0.0.0   |   .   |         .         |
[   33.200523] cloud-init[965]: ci-info: |   lo   |  True |          ::1/128           |       .       |  host |         .         |
[[0;32m  OK  [0m] Listening on UUID daemon activation socket.
[[   33.200668] cloud-init[965]: ci-info: +--------+-------+----------------------------+---------------+-------+-------------------+
[0;32m  OK  [0m] Started Daily Cleanup of Temporary Directories.
[   33.449499] cloud-init[965]: ci-info: +++++++++++++++++++++++++++Route IPv4 info++++++++++++++++++++++++++++
[   33.669994] cloud-init[965]: ci-info: +-------+-------------+----------+---------------+-----------+-------+
[   33.670211] cloud-init[965]: ci-info: | Route | Destination | Gateway  |    Genmask    | Interface | Flags |
[[0;32m  OK  [0m] Started ACPI Events Check.
[[   33.670320] cloud-init[965]: ci-info: +-------+-------------+----------+---------------+-----------+-------+
[   33.888969] cloud-init[965]: ci-info: |   0   |   0.0.0.0   | 10.0.2.2 |    0.0.0.0    |   enp0s3  |   UG  |
[0;32m  OK  [0m] Reached target Paths.
         Starting Socket activation for snappy daemon.
[   33.889036] cloud-init[965]: ci-info: |   1   |   10.0.2.0  | 0.0.0.0  | 255.255.255.0 |   enp0s3  |   U   |
[   34.232335] cloud-init[965]: ci-info: +-------+-------------+----------+---------------+-----------+-------+
[   34.232665] cloud-init[965]: Generating public/private rsa key pair.
[[0;32m  OK  [0m] Started Daily apt download activities.
[[   34.232765] cloud-init[965]: Your identification has been saved in /etc/ssh/ssh_host_rsa_key.
[   34.404877] cloud-init[965]: Your public key has been saved in /etc/ssh/ssh_host_rsa_key.pub.
[0;32m  OK  [0m] Started Daily apt upgrade and clean activities.
[[   34.404999] cloud-init[965]: The key fingerprint is:
[   34.592679] cloud-init[965]: SHA256:XimDVMb1b0+3TxfJSw9hPXk+nandCaygENrqijEjfAw root@ubuntu-xenial
[0;32m  OK  [0m] Reached target Timers.
[[   34.592771] cloud-init[965]: The key's randomart image is:
[   34.740712] cloud-init[965]: +---[RSA 2048]----+
[0;32m  OK  [0m] Reached target Cloud-config availability.
[[   34.740784] cloud-init[965]: |       .o..      |
[   34.880864] cloud-init[965]: |       o.  .   ..|
[0;32m  OK  [0m] Reached target Network is Online.
[   34.880927] cloud-init[965]: |     ..     . ooo|
[   35.056689] cloud-init[965]: |    o...   ..o.oB|
[   35.056904] cloud-init[965]: | E . o. S.o  o+O=|
         Starting iSCSI initiator daemon (iscsid)...
[   35.057046] cloud-init[965]: |. o . ...+. ..=+X|
[   35.224372] cloud-init[965]: |=. +   ..  . . =*|
[   35.224825] cloud-init[965]: |o+o            .o|
[[0;32m  OK  [0m] Listening on LXD - unix socket.
[   35.224998] cloud-init[965]: |....            .|
[   35.336942] cloud-init[965]: +----[SHA256]-----+
[[0;32m  OK  [0m] Listening on Socket activation for snappy daemon.
[   35.337030] cloud-init[965]: Generating public/private dsa key pair.
[   35.508948] cloud-init[965]: Your identification has been saved in /etc/ssh/ssh_host_dsa_key.
[   35.509168] cloud-init[965]: Your public key has been saved in /etc/ssh/ssh_host_dsa_key.pub.
[[0;32m  OK  [0m] Started iSCSI initiator daemon (iscsid).
[   35.509274] cloud-init[965]: The key fingerprint is:
[   35.756668] cloud-init[965]: SHA256:GJRGYQg6a5NK4acyf/nlFHQ9gGo2Rj5do1R8t3QNw5Y root@ubuntu-xenial
[   35.756903] cloud-init[965]: The key's randomart image is:
         Starting Login to default iSCSI targets...
[[   35.757005] cloud-init[965]: +---[DSA 1024]----+
[0;32m  OK  [0m] Reached target Sockets.
[   35.884680] cloud-init[965]: |  .. o=o +o  .oo.|
[   35.891444] cloud-init[965]: | .  .o+ o +o. E.o|
[   35.891658] cloud-init[965]: |o.   +.+.o.oo+ o |
[[0;32m  OK  [0m] Reached target Basic System.
[   35.891752] cloud-init[965]: |.oo   O+o.   ..  |
[   36.028274] cloud-init[965]: |.* . +.oS        |
[   36.028635] cloud-init[965]: |+ +      .       |
         Starting Pollinate to seed the pseudo random number generator...
[   36.028818] cloud-init[965]: |+.   .  o        |
[   36.124382] cloud-init[965]: |.o  o  +         |
[   36.124626] cloud-init[965]: |  .. .. .        |
[[0;32m  OK  [0m] Started Regular background program processing daemon.
[   36.124768] cloud-init[965]: +----[SHA256]-----+
[   36.221561] cloud-init[965]: Generating public/private ecdsa key pair.
[   36.222448] cloud-init[965]: Your identification has been saved in /etc/ssh/ssh_host_ecdsa_key.
[   36.223501] cloud-init[965]: Your public key has been saved in /etc/ssh/ssh_host_ecdsa_key.pub.
[   36.276307] cloud-init[965]: The key fingerprint is:
[   36.276600] cloud-init[965]: SHA256:POtd7e6UG1CyNLqtTxGC7XcLHs9qoHbi9k6apVmKH28 root@ubuntu-xenial
         Starting System Logging Service...
[   36.276752] cloud-init[965]: The key's randomart image is:
[   36.437172] cloud-init[965]: +---[ECDSA 256]---+
[   36.437603] cloud-init[965]: |                 |
[[0;32m  OK  [0m] Started ACPI event daemon.
[   36.437913] cloud-init[965]: |         o       |
[   36.536426] cloud-init[965]: |        . o = .  |
[   36.536744] cloud-init[965]: |       . . + *   |
         Starting Apply the settings specified in cloud-config...
[   36.536965] cloud-init[965]: |        S o B .  |
[   36.652520] cloud-init[965]: |         o.= X o |
[   36.652846] cloud-init[965]: |        o.=.= O  |
         Starting LSB: Record successful boot for GRUB...
[   36.653090] cloud-init[965]: |       o=&E+.+ o |
[   36.776498] cloud-init[965]: |      .=X**ooo=  |
[   36.776786] cloud-init[965]: +----[SHA256]-----+
         Starting LXD - container startup/shutdown...
[[   36.777023] cloud-init[965]: Generating public/private ed25519 key pair.
[   36.857564] cloud-init[965]: Your identification has been saved in /etc/ssh/ssh_host_ed25519_key.
[0;32m  OK  [0m] Started Unattended Upgrades Shutdown.
[   36.857684] cloud-init[965]: Your public key has been saved in /etc/ssh/ssh_host_ed25519_key.pub.
[   37.080656] cloud-init[965]: The key fingerprint is:
[   37.081020] cloud-init[965]: SHA256:8cScfznkqpEfANJxlUBpFk0MEtsgZZ6PaRgefPcGlgY root@ubuntu-xenial
         Starting Virtualbox guest utils...
[   37.081204] cloud-init[965]: The key's randomart image is:
[[   37.220542] cloud-init[965]: +--[ED25519 256]--+
[   37.221004] cloud-init[0;32m  OK  [0m[965]: ] |      ..Eo*Xo.   |Started D-Bus System Message Bus.

[   37.221239] cloud-init[965]: |     . = %+o+    |
[   37.344459] cloud-init[965]: |      = Oo%   .  |
[   37.344755] cloud-init[965]: |     . * % + o . |
[[0;32m  OK  [0m] Started FUSE filesystem for LXC.
[   37.344869] cloud-init[965]: |      o S + + =  |
         [   37.396340] cloud-init[965]: |       .   + o . |
[   37.396532] cloud-init[965]: |          o o    |
[   37.396669] cloud-init[965]: |           + .   |
[   37.397334] cloud-init[965]: |          . .    |
[   37.397500] cloud-init[965]: +----[SHA256]-----+
Starting Login Service...
[   37.401429] cloud-init[1119]: Generating locales (this might take a while)...
         Starting LSB: MD monitoring daemon...
         Starting Accounts Service...
[[0;32m  OK  [0m] Started Deferred execution scheduler.
         Starting /etc/rc.local Compatibility...
         Starting Snappy daemon...
[[0;32m  OK  [0m] Started System Logging Service.
[[0;32m  OK  [0m] Started Pollinate to seed the pseudo random number generator.
[[0;32m  OK  [0m] Started LXD - container startup/shutdown.
[[0;32m  OK  [0m] Started /etc/rc.local Compatibility.
[[0;32m  OK  [0m] Started Snappy daemon.
[   37.805421] cloud-init[1119]:   en_US.UTF-8... done
[   37.868913] cloud-init[1119]: Generation complete.
[[0;32m  OK  [0m] Started Login to default iSCSI targets.
[[0;32m  OK  [0m] Started LSB: Record successful boot for GRUB.
[[0;32m  OK  [0m] Started Virtualbox guest utils.
[[0;32m  OK  [0m] Started LSB: MD monitoring daemon.
[[0;32m  OK  [0m] Started Login Service.
         Starting Authenticate and Authorize Users to Run Privileged Tasks...
[[0;32m  OK  [0m] Reached target Remote File Systems (Pre).
[[0;32m  OK  [0m] Reached target Remote File Systems.
[   38.150641] cloud-init[1119]: Cloud-init v. 18.2 running 'modules:config' at Tue, 28 Aug 2018 10:27:17 +0000. Up 36.82 seconds.
         Starting LSB: Set the CPU Frequency Scaling governor to "ondemand"...
         Starting Permit User Sessions...
         Starting LSB: daemon to balance interrupts for SMP systems...
         Starting LSB: automatic crash report generation...
         Starting Wait until snapd is fully seeded...
         Starting OpenBSD Secure Shell server...
[[0;32m  OK  [0m] Started OpenBSD Secure Shell server.
[[0;32m  OK  [0m] Started Apply the settings specified in cloud-config.
[[0;32m  OK  [0m] Started Permit User Sessions.
[[0;32m  OK  [0m] Started Authenticate and Authorize Users to Run Privileged Tasks.
[[0;32m  OK  [0m] Started Accounts Service.
[[0;32m  OK  [0m] Started LSB: Set the CPU Frequency Scaling governor to "ondemand".
[[0;32m  OK  [0m] Created slice User Slice of vagrant.
         Starting User Manager for UID 1000...
[[0;32m  OK  [0m] Started Session 1 of user vagrant.
         Starting Terminate Plymouth Boot Screen...
         Starting Hold until boot process finishes up...
[[0;32m  OK  [0m] Started User Manager for UID 1000.
[[0;32m  OK  [0m] Started LSB: daemon to balance interrupts for SMP systems.
[[0;32m  OK  [0m] Started LSB: automatic crash report generation.
[[0;32m  OK  [0m] Started Wait until snapd is fully seeded.
[[0;32m  OK  [0m] Started Terminate Plymouth Boot Screen.
[[0;32m  OK  [0m] Started Hold until boot process finishes up.
[[0;32m  OK  [0m] Started Getty on tty1.
         Starting Set console scheme...
[[0;32m  OK  [0m] Started Serial Getty on ttyS0.
[[0;32m  OK  [0m] Reached target Login Prompts.
[[0;32m  OK  [0m] Reached target Multi-User System.
         Starting Execute cloud user/final scripts...
[[0;32m  OK  [0m] Reached target Graphical Interface.
         Starting Update UTMP about System Runlevel Changes...
[[0;32m  OK  [0m] Started Set console scheme.
[[0;32m  OK  [0m] Started Update UTMP about System Runlevel Changes.
ci-info: no authorized ssh keys fingerprints found for user ubuntu.
<14>Aug 28 10:27:20 ec2: 
<14>Aug 28 10:27:20 ec2: #############################################################
<14>Aug 28 10:27:20 ec2: -----BEGIN SSH HOST KEY FINGERPRINTS-----
<14>Aug 28 10:27:20 ec2: 1024 SHA256:GJRGYQg6a5NK4acyf/nlFHQ9gGo2Rj5do1R8t3QNw5Y root@ubuntu-xenial (DSA)
<14>Aug 28 10:27:20 ec2: 256 SHA256:POtd7e6UG1CyNLqtTxGC7XcLHs9qoHbi9k6apVmKH28 root@ubuntu-xenial (ECDSA)
<14>Aug 28 10:27:20 ec2: 256 SHA256:8cScfznkqpEfANJxlUBpFk0MEtsgZZ6PaRgefPcGlgY root@ubuntu-xenial (ED25519)
<14>Aug 28 10:27:20 ec2: 2048 SHA256:XimDVMb1b0+3TxfJSw9hPXk+nandCaygENrqijEjfAw root@ubuntu-xenial (RSA)
<14>Aug 28 10:27:20 ec2: -----END SSH HOST KEY FINGERPRINTS-----
<14>Aug 28 10:27:20 ec2: #############################################################
-----BEGIN SSH HOST KEY KEYS-----
ecdsa-sha2-nistp256 AAAAE2VjZHNhLXNoYTItbmlzdHAyNTYAAAAIbmlzdHAyNTYAAABBBB+AZDJ23S3kj+p0jZ6AACWjKx87EDG2P7TLJZqgmneSOnQR/RgdbkmIjBI/kYv/+L1s4omjvxHUmy23aHhN7CY= root@ubuntu-xenial
ssh-ed25519 AAAAC3NzaC1lZDI1NTE5AAAAIAtjpV+9RnsLOiE3sbja3dDWqn3xVTTfzoVuFrZV1DHm root@ubuntu-xenial
ssh-rsa AAAAB3NzaC1yc2EAAAADAQABAAABAQCru9TwhRwzY5Lg1hDuCt8QFiyUSbIkZ5inulcxtX6hwCLaXTqYZCsyQJuKex4THkF/loZrrs5C69VT+5ulXl4xsa/PtfZaJ4guephMeuQP80U0RgvibG3W9HWmYfX2hnY4XpyMFnTmShUR/c++beiPQhMYwdGFosNBAT1eiM9PRWgLdwImOyyktN9Uu9pY6Nxssr18FMBKtZHI/TOvBiCQAeGJA0iFZfru8zWhQvbg/ehM8geDhwDLnbOjFpjPJgr4w3UNV1w2JfPU8NVXrfjxhQ3ZVnG9QQCAHo6K3pf0ubda/3VLggV+WdeRGkOAAAFefXzpC3oO9nFsRRkF6GFZ root@ubuntu-xenial
-----END SSH HOST KEY KEYS-----
[   40.557398] cloud-init[1320]: Cloud-init v. 18.2 running 'modules:final' at Tue, 28 Aug 2018 10:27:20 +0000. Up 39.71 seconds.
[   40.669698] [cloud-init[0;32m  OK  [0m[1320]: ] ci-info: no authorized ssh keys fingerprints found for user ubuntu.Started Execute cloud user/final scripts.

[   40.669987] cloud-init[1320]: Cloud-init v. 18.2 finished at Tue, 28 Aug 2018 10:27:21 +0000. Datasource DataSourceNoCloud [seed=/dev/sdb][dsmode=net].  Up 40.55 seconds
[[0;32m  OK  [0m] Reached target Cloud-init target.

Ubuntu 16.04.4 LTS ubuntu-xenial ttyS0

ubuntu-xenial login:          Stopping User Manager for UID 1000...
            Stopping Virtualbox guest utils...
         Stopping The PHP 7.0 FastCGI Process Manager...
         Stopping LXD - container startup/shutdown...
         Stopping FUSE filesystem for LXC...
[[0;32m  OK  [0m] Stopped Wait until snapd is fully seeded.
         Stopping Snappy daemon...
[[0;32m  OK  [0m] Stopped Apply the settings specified in cloud-config.
         Stopping LSB: MD monitoring daemon...
[[0;32m  OK  [0m] Stopped target Timers.
[[0;32m  OK  [0m] Stopped Daily Cleanup of Temporary Directories.
[[0;32m  OK  [0m] Stopped Daily apt upgrade and clean activities.
[[0;32m  OK  [0m] Stopped Daily apt download activities.
[[0;32m  OK  [0m] Stopped target System Time Synchronized.
[[0;32m  OK  [0m] Stopped target Cloud-config availability.
         Stopping MySQL Community Server...
[[0;32m  OK  [0m] Unmounted /var/lib/lxcfs.
[[0;32m  OK  [0m] Stopped Regular background program processing daemon.
[[0;32m  OK  [0m] Stopped System Logging Service.
[[0;32m  OK  [0m] Stopped ACPI event daemon.
[[0;32m  OK  [0m] Stopped Accounts Service.
[[0;32m  OK  [0m] Stopped Deferred execution scheduler.
[[0;32m  OK  [0m] Stopped Snappy daemon.
[[0;32m  OK  [0m] Stopped Authenticate and Authorize Users to Run Privileged Tasks.
[[0;32m  OK  [0m] Stopped OpenBSD Secure Shell server.
[[0;32m  OK  [0m] Stopped Getty on tty1.
[[0;32m  OK  [0m] Stopped Serial Getty on ttyS0.
[[0;32m  OK  [0m] Stopped The PHP 7.0 FastCGI Process Manager.
[[0;32m  OK  [0m] Stopped User Manager for UID 1000.
[[0;32m  OK  [0m] Stopped Session 19 of user vagrant.
[[0;32m  OK  [0m] Stopped A high performance web server and a reverse proxy server.
[[0;32m  OK  [0m] Stopped D-Bus System Message Bus.
[[0;32m  OK  [0m] Stopped Unattended Upgrades Shutdown.
[[0;32m  OK  [0m] Stopped FUSE filesystem for LXC.
[[0;32m  OK  [0m] Stopped LSB: Set the CPU Frequency Scaling governor to "ondemand".
[[0;32m  OK  [0m] Stopped LSB: Start NTP daemon.
[[0;32m  OK  [0m] Stopped LSB: Record successful boot for GRUB.
[[0;32m  OK  [0m] Stopped Virtualbox guest utils.
[[0;32m  OK  [0m] Stopped LSB: automatic crash report generation.
[[0;32m  OK  [0m] Stopped LSB: daemon to balance interrupts for SMP systems.
[[0;32m  OK  [0m] Stopped LXD - container startup/shutdown.
[[0;32m  OK  [0m] Stopped LSB: MD monitoring daemon.
[[0;32m  OK  [0m] Removed slice User Slice of vagrant.
         Stopping Login Service...
[[0;32m  OK  [0m] Removed slice system-serial\x2dgetty.slice.
[[0;32m  OK  [0m] Stopped /etc/rc.local Compatibility.
[[0;32m  OK  [0m] Removed slice system-getty.slice.
         Stopping Permit User Sessions...
[[0;32m  OK  [0m] Stopped Login Service.
[[0;32m  OK  [0m] Stopped Permit User Sessions.
[[0;32m  OK  [0m] Stopped target Remote File Systems.
[[0;32m  OK  [0m] Stopped target Remote File Systems (Pre).
         Stopping Login to default iSCSI targets...
[[0;32m  OK  [0m] Stopped target User and Group Name Lookups.
[[0;32m  OK  [0m] Stopped MySQL Community Server.
[[0;32m  OK  [0m] Stopped Login to default iSCSI targets.
         Stopping iSCSI initiator daemon (iscsid)...
[[0;32m  OK  [0m] Stopped target Basic System.
[[0;32m  OK  [0m] Stopped target Sockets.
[[0;32m  OK  [0m] Closed Socket activation for snappy daemon.
[[0;32m  OK  [0m] Closed ACPID Listen Socket.
[[0;32m  OK  [0m] Closed D-Bus System Message Bus Socket.
[[0;32m  OK  [0m] Closed UUID daemon activation socket.
[[0;32m  OK  [0m] Closed Syslog Socket.
[[0;32m  OK  [0m] Closed LXD - unix socket.
[[0;32m  OK  [0m] Stopped target Paths.
[[0;32m  OK  [0m] Stopped Dispatch Password Requests to Console Directory Watch.
[[0;32m  OK  [0m] Stopped ACPI Events Check.
[[0;32m  OK  [0m] Stopped target System Initialization.
[[0;32m  OK  [0m] Stopped Create Volatile Files and Directories.
[[0;32m  OK  [0m] Stopped Commit a transient machine-id on disk.
[[0;32m  OK  [0m] Stopped target Encrypted Volumes.
         Stopping Load/Save Random Seed...
[[0;32m  OK  [0m] Stopped target Swap.
[[0;32m  OK  [0m] Stopped Forward Password Requests to Wall Directory Watch.
[[0;32m  OK  [0m] Stopped target Slices.
[[0;32m  OK  [0m] Removed slice User and Session Slice.
[[0;32m  OK  [0m] Stopped iSCSI initiator daemon (iscsid).
[[0;32m  OK  [0m] Stopped Load/Save Random Seed.
[[0;32m  OK  [0m] Stopped target Network is Online.
[[0;32m  OK  [0m] Stopped Initial cloud-init job (metadata service crawler).
[[0;32m  OK  [0m] Stopped target Network.
         Stopping Raise network interfaces...
[[0;32m  OK  [0m] Stopped Raise network interfaces.
[[0;32m  OK  [0m] Stopped Apply Kernel Variables.
[[0;32m  OK  [0m] Stopped target Local File Systems.
         Unmounting /run/user/1000...
         Unmounting /vagrant...
         Unmounting /home/vagrant/www...
[[0;32m  OK  [0m] Stopped target Network (Pre).
[[0;32m  OK  [0m] Stopped Initial cloud-init job (pre-networking).
[[0;32m  OK  [0m] Stopped Load Kernel Modules.
[[0;32m  OK  [0m] Unmounted /run/user/1000.
[[0;32m  OK  [0m] Unmounted /vagrant.
[[0;32m  OK  [0m] Unmounted /home/vagrant/www.
[[0;32m  OK  [0m] Reached target Unmount All Filesystems.
[[0;32m  OK  [0m] Stopped target Local File Systems (Pre).
[[0;32m  OK  [0m] Stopped Create Static Device Nodes in /dev.
         Stopping Monitoring of LVM2 mirrors... dmeventd or progress polling...
[[0;32m  OK  [0m] Stopped Remount Root and Kernel File Systems.
[[0;32m  OK  [0m] Reached target Shutdown.
[ 6197.824869] reboot: Power down
